Using pre-set license
Built from '2020.3/staging' branch; Version is '2020.3.3f1 (76626098c1c4) revision 7758432'; Using compiler version '192528614'; Build Type 'Release'
OS: 'Windows 10 Home Single Language; OS build 19041.867; Version 2004; 64bit' Language: 'tr' Physical Memory: 8101 MB
BatchMode: 1, IsHumanControllingUs: 0, StartBugReporterOnCrash: 0, Is64bit: 1, IsPro: 0

 COMMAND LINE ARGUMENTS:
C:\Program Files\Unity\Hub\Editor\2020.3.3f1\Editor\Unity.exe
-adb2
-batchMode
-noUpm
-name
AssetImportWorker1
-projectPath
E:/CalismaDosyalari/Bmprogramlari/Unity/Projects/Endless Game
-logFile
Logs/AssetImportWorker1.log
-srvPort
64002
Successfully changed project path to: E:/CalismaDosyalari/Bmprogramlari/Unity/Projects/Endless Game
E:/CalismaDosyalari/Bmprogramlari/Unity/Projects/Endless Game
Using Asset Import Pipeline V2.
Refreshing native plugins compatible for Editor in 48.78 ms, found 0 plugins.
Preloading 0 native plugins for Editor in 0.00 ms.
Initialize engine version: 2020.3.3f1 (76626098c1c4)
[Subsystems] Discovering subsystems at path C:/Program Files/Unity/Hub/Editor/2020.3.3f1/Editor/Data/Resources/UnitySubsystems
[Subsystems] Discovering subsystems at path E:/CalismaDosyalari/Bmprogramlari/Unity/Projects/Endless Game/Assets
GfxDevice: creating device client; threaded=0
Direct3D:
    Version:  Direct3D 11.0 [level 11.0]
    Renderer: NVIDIA GeForce 940MX (ID=0x134d)
    Vendor:   
    VRAM:     2010 MB
    Driver:   26.21.14.3064
Shader 'Universal Render Pipeline/Particles/Lit': fallback shader 'Universal Render Pipeline/Particles/SimpleLit' not found
Initialize mono
Mono path[0] = 'C:/Program Files/Unity/Hub/Editor/2020.3.3f1/Editor/Data/Managed'
Mono path[1] = 'C:/Program Files/Unity/Hub/Editor/2020.3.3f1/Editor/Data/MonoBleedingEdge/lib/mono/unityjit'
Mono config path = 'C:/Program Files/Unity/Hub/Editor/2020.3.3f1/Editor/Data/MonoBleedingEdge/etc'
Using monoOptions --debugger-agent=transport=dt_socket,embedding=1,server=y,suspend=n,address=127.0.0.1:56452
Begin MonoManager ReloadAssembly
Registering precompiled unity dll's ...
Register platform support module: C:/Program Files/Unity/Hub/Editor/2020.3.3f1/Editor/Data/PlaybackEngines/WebGLSupport/UnityEditor.WebGL.Extensions.dll
Register platform support module: C:/Program Files/Unity/Hub/Editor/2020.3.3f1/Editor/Data/PlaybackEngines/MacStandaloneSupport/UnityEditor.OSXStandalone.Extensions.dll
Register platform support module: C:/Program Files/Unity/Hub/Editor/2020.3.3f1/Editor/Data/PlaybackEngines/WindowsStandaloneSupport/UnityEditor.WindowsStandalone.Extensions.dll
Register platform support module: C:/Program Files/Unity/Hub/Editor/2020.3.3f1/Editor/Data/PlaybackEngines/LinuxStandaloneSupport/UnityEditor.LinuxStandalone.Extensions.dll
Register platform support module: C:/Program Files/Unity/Hub/Editor/2020.3.3f1/Editor/Data/PlaybackEngines/LuminSupport/UnityEditor.Lumin.Extensions.dll
Registered in 0.013182 seconds.
Native extension for Lumin target not found
Native extension for LinuxStandalone target not found
Native extension for WindowsStandalone target not found
Native extension for OSXStandalone target not found
Native extension for WebGL target not found
Refreshing native plugins compatible for Editor in 47.63 ms, found 0 plugins.
Preloading 0 native plugins for Editor in 0.00 ms.
Invoked RoslynAnalysisRunner static constructor.
RoslynAnalysisRunner will not be running.
RoslynAnalysisRunner has terminated.
Mono: successfully reloaded assembly
- Completed reload, in  2.378 seconds
Platform modules already initialized, skipping
Registering precompiled user dll's ...
Registered in 0.001267 seconds.
Begin MonoManager ReloadAssembly
Native extension for Lumin target not found
Native extension for LinuxStandalone target not found
Native extension for WindowsStandalone target not found
Native extension for OSXStandalone target not found
Native extension for WebGL target not found
Refreshing native plugins compatible for Editor in 48.12 ms, found 0 plugins.
Preloading 0 native plugins for Editor in 0.00 ms.
Invoked RoslynAnalysisRunner static constructor.
RoslynAnalysisRunner will not be running.
RoslynAnalysisRunner has terminated.
Mono: successfully reloaded assembly
- Completed reload, in  3.524 seconds
Platform modules already initialized, skipping
========================================================================
Worker process is ready to serve import requests
Shader 'Universal Render Pipeline/Particles/Lit': fallback shader 'Universal Render Pipeline/Particles/SimpleLit' not found
Launched and connected shader compiler UnityShaderCompiler.exe after 0.15 seconds
Refreshing native plugins compatible for Editor in 0.64 ms, found 0 plugins.
Preloading 0 native plugins for Editor in 0.00 ms.
Unloading 2436 Unused Serialized files (Serialized files now loaded: 0)
System memory in use before: 114.4 MB.
System memory in use after: 114.6 MB.

Unloading 10 unused Assets to reduce memory usage. Loaded Objects now: 2879.
Total: 2.547400 ms (FindLiveObjects: 0.273000 ms CreateObjectMapping: 0.095700 ms MarkObjects: 2.097500 ms  DeleteObjects: 0.079700 ms)

========================================================================
Received Import Request.
  path: Assets/UniversalRenderPipelineAsset_Renderer.asset
  artifactKey: Guid(ed2f99190acd80c438ef997ff02c3e6a) Importer(815301076,1909f56bfc062723c751e8b465ee728b)
Start importing Assets/UniversalRenderPipelineAsset_Renderer.asset using Guid(ed2f99190acd80c438ef997ff02c3e6a) Importer(815301076,1909f56bfc062723c751e8b465ee728b)  -> (artifact id: '127d5a5d4a7c1e6c2d6f0a18c2012c6c') in 0.050237 seconds
  Import took 0.054351 seconds .

========================================================================
Received Import Request.
  Time since last request: 0.000353 seconds.
  path: Assets/UniversalRenderPipelineAsset.asset
  artifactKey: Guid(985de773308b21f4db35145439ee59b3) Importer(815301076,1909f56bfc062723c751e8b465ee728b)
Start importing Assets/UniversalRenderPipelineAsset.asset using Guid(985de773308b21f4db35145439ee59b3) Importer(815301076,1909f56bfc062723c751e8b465ee728b)  -> (artifact id: 'b2a7bb2e1e2267d6d847f71fd8fb0c75') in 0.002564 seconds
  Import took 0.019567 seconds .

========================================================================
Received Prepare
Registering precompiled user dll's ...
Registered in 0.001277 seconds.
Begin MonoManager ReloadAssembly
Native extension for Lumin target not found
Native extension for LinuxStandalone target not found
Native extension for WindowsStandalone target not found
Native extension for OSXStandalone target not found
Native extension for WebGL target not found
Refreshing native plugins compatible for Editor in 0.47 ms, found 0 plugins.
Preloading 0 native plugins for Editor in 0.00 ms.
Invoked RoslynAnalysisRunner static constructor.
RoslynAnalysisRunner will not be running.
RoslynAnalysisRunner has terminated.
Mono: successfully reloaded assembly
- Completed reload, in  1.386 seconds
Platform modules already initialized, skipping
Switching build target platform(5) subTarget(0) extendedPlatform(0) -> platform(13) subTarget(537395200) extendedPlatform(0)
Shader 'Universal Render Pipeline/Particles/Lit': fallback shader 'Universal Render Pipeline/Particles/SimpleLit' not found
Refreshing native plugins compatible for Editor in 0.43 ms, found 0 plugins.
Preloading 0 native plugins for Editor in 0.00 ms.
Unloading 2332 Unused Serialized files (Serialized files now loaded: 0)
System memory in use before: 106.0 MB.
System memory in use after: 106.3 MB.

Unloading 5 unused Assets to reduce memory usage. Loaded Objects now: 2884.
Total: 2.565900 ms (FindLiveObjects: 0.304700 ms CreateObjectMapping: 0.154400 ms MarkObjects: 2.087200 ms  DeleteObjects: 0.017900 ms)

AssetImportParameters requested are different than current active one (requested -> active):
  custom:graphics/normal-map-encoding: 01000000000000000000000000000000 -> 02000000000000000000000000000000
========================================================================
Received Prepare
Registering precompiled user dll's ...
Registered in 0.001249 seconds.
Begin MonoManager ReloadAssembly
Native extension for Lumin target not found
Native extension for LinuxStandalone target not found
Native extension for WindowsStandalone target not found
Native extension for OSXStandalone target not found
Native extension for WebGL target not found
Refreshing native plugins compatible for Editor in 0.44 ms, found 0 plugins.
Preloading 0 native plugins for Editor in 0.00 ms.
Invoked RoslynAnalysisRunner static constructor.
RoslynAnalysisRunner will not be running.
RoslynAnalysisRunner has terminated.
Mono: successfully reloaded assembly
- Completed reload, in  1.217 seconds
Platform modules already initialized, skipping
Switching build target platform(5) subTarget(0) extendedPlatform(0) -> platform(13) subTarget(537395200) extendedPlatform(0)
Shader 'Universal Render Pipeline/Particles/Lit': fallback shader 'Universal Render Pipeline/Particles/SimpleLit' not found
Refreshing native plugins compatible for Editor in 0.43 ms, found 0 plugins.
Preloading 0 native plugins for Editor in 0.00 ms.
Unloading 2330 Unused Serialized files (Serialized files now loaded: 0)
System memory in use before: 106.1 MB.
System memory in use after: 106.3 MB.

Unloading 5 unused Assets to reduce memory usage. Loaded Objects now: 2887.
Total: 3.643700 ms (FindLiveObjects: 0.443900 ms CreateObjectMapping: 0.173500 ms MarkObjects: 2.995800 ms  DeleteObjects: 0.027300 ms)

AssetImportParameters requested are different than current active one (requested -> active):
  custom:graphics/normal-map-encoding: 01000000000000000000000000000000 -> 02000000000000000000000000000000
========================================================================
Received Prepare
Registering precompiled user dll's ...
Registered in 0.001271 seconds.
Begin MonoManager ReloadAssembly
Native extension for Lumin target not found
Native extension for LinuxStandalone target not found
Native extension for WindowsStandalone target not found
Native extension for OSXStandalone target not found
Native extension for WebGL target not found
Refreshing native plugins compatible for Editor in 0.43 ms, found 0 plugins.
Preloading 0 native plugins for Editor in 0.00 ms.
Invoked RoslynAnalysisRunner static constructor.
RoslynAnalysisRunner will not be running.
RoslynAnalysisRunner has terminated.
Mono: successfully reloaded assembly
- Completed reload, in  1.660 seconds
Platform modules already initialized, skipping
Switching build target platform(5) subTarget(0) extendedPlatform(0) -> platform(13) subTarget(537395200) extendedPlatform(0)
Shader 'Universal Render Pipeline/Particles/Lit': fallback shader 'Universal Render Pipeline/Particles/SimpleLit' not found
Refreshing native plugins compatible for Editor in 0.42 ms, found 0 plugins.
Preloading 0 native plugins for Editor in 0.00 ms.
Unloading 2330 Unused Serialized files (Serialized files now loaded: 0)
System memory in use before: 106.1 MB.
System memory in use after: 106.3 MB.

Unloading 5 unused Assets to reduce memory usage. Loaded Objects now: 2890.
Total: 2.671900 ms (FindLiveObjects: 0.380200 ms CreateObjectMapping: 0.169000 ms MarkObjects: 2.102500 ms  DeleteObjects: 0.019000 ms)

AssetImportParameters requested are different than current active one (requested -> active):
  custom:graphics/normal-map-encoding: 01000000000000000000000000000000 -> 02000000000000000000000000000000
========================================================================
Received Import Request.
  Time since last request: 366.894630 seconds.
  path: Assets
  artifactKey: Guid(00000000000000001000000000000000) Importer(815301076,1909f56bfc062723c751e8b465ee728b)
Start importing Assets using Guid(00000000000000001000000000000000) Importer(815301076,1909f56bfc062723c751e8b465ee728b)  -> (artifact id: 'b2e0e235c0f4af3754229b664788db90') in 0.004851 seconds
  Import took 0.009590 seconds .

========================================================================
Received Import Request.
  Time since last request: 15.969757 seconds.
  path: Assets/Shader
  artifactKey: Guid(a3fa189905bc6f147a95e863f8f5b720) Importer(815301076,1909f56bfc062723c751e8b465ee728b)
Start importing Assets/Shader using Guid(a3fa189905bc6f147a95e863f8f5b720) Importer(815301076,1909f56bfc062723c751e8b465ee728b)  -> (artifact id: 'add26b16b504740cf405a8227cb89a75') in 0.001534 seconds
  Import took 0.009028 seconds .

========================================================================
Received Import Request.
  Time since last request: 5.827699 seconds.
  path: Assets/Shaders
  artifactKey: Guid(a3fa189905bc6f147a95e863f8f5b720) Importer(815301076,1909f56bfc062723c751e8b465ee728b)
Start importing Assets/Shaders using Guid(a3fa189905bc6f147a95e863f8f5b720) Importer(815301076,1909f56bfc062723c751e8b465ee728b)  -> (artifact id: '990fb651f29e9b28e22ea5e58b02ca06') in 0.001490 seconds
  Import took 0.102017 seconds .

========================================================================
Received Prepare
Registering precompiled user dll's ...
Registered in 0.001306 seconds.
Begin MonoManager ReloadAssembly
Native extension for Lumin target not found
Native extension for LinuxStandalone target not found
Native extension for WindowsStandalone target not found
Native extension for OSXStandalone target not found
Native extension for WebGL target not found
Refreshing native plugins compatible for Editor in 0.42 ms, found 0 plugins.
Preloading 0 native plugins for Editor in 0.00 ms.
Invoked RoslynAnalysisRunner static constructor.
RoslynAnalysisRunner will not be running.
RoslynAnalysisRunner has terminated.
Mono: successfully reloaded assembly
- Completed reload, in  1.286 seconds
Platform modules already initialized, skipping
Switching build target platform(5) subTarget(0) extendedPlatform(0) -> platform(13) subTarget(537395200) extendedPlatform(0)
Shader 'Universal Render Pipeline/Particles/Lit': fallback shader 'Universal Render Pipeline/Particles/SimpleLit' not found
Refreshing native plugins compatible for Editor in 0.41 ms, found 0 plugins.
Preloading 0 native plugins for Editor in 0.00 ms.
Unloading 2332 Unused Serialized files (Serialized files now loaded: 0)
System memory in use before: 106.4 MB.
System memory in use after: 106.6 MB.

Unloading 6 unused Assets to reduce memory usage. Loaded Objects now: 2894.
Total: 2.794300 ms (FindLiveObjects: 0.350600 ms CreateObjectMapping: 0.161700 ms MarkObjects: 2.214600 ms  DeleteObjects: 0.065200 ms)

AssetImportParameters requested are different than current active one (requested -> active):
  custom:graphics/normal-map-encoding: 01000000000000000000000000000000 -> 02000000000000000000000000000000
========================================================================
Received Import Request.
  Time since last request: 53.490941 seconds.
  path: Assets/Materials/asd.mat
  artifactKey: Guid(162edd9185a5eef4399df155fe726ad8) Importer(815301076,1909f56bfc062723c751e8b465ee728b)
Start importing Assets/Materials/asd.mat using Guid(162edd9185a5eef4399df155fe726ad8) Importer(815301076,1909f56bfc062723c751e8b465ee728b)  -> (artifact id: 'bdd046e0314a8b814b808a233e65f9ea') in 1.215644 seconds
  Import took 1.220314 seconds .

========================================================================
Received Import Request.
  Time since last request: 0.000340 seconds.
  path: Assets/Materials/Coin.mat
  artifactKey: Guid(9840472eec3e42a42907d7dce4f05ba2) Importer(815301076,1909f56bfc062723c751e8b465ee728b)
Start importing Assets/Materials/Coin.mat using Guid(9840472eec3e42a42907d7dce4f05ba2) Importer(815301076,1909f56bfc062723c751e8b465ee728b)  -> (artifact id: '0d53b76620c52a3e173fd0efdfb756a6') in 0.106661 seconds
  Import took 0.111175 seconds .

========================================================================
Received Import Request.
  Time since last request: 0.000370 seconds.
  path: Assets/Materials/Ground.mat
  artifactKey: Guid(056aceea8d50248418c4c56859fd2efd) Importer(815301076,1909f56bfc062723c751e8b465ee728b)
Start importing Assets/Materials/Ground.mat using Guid(056aceea8d50248418c4c56859fd2efd) Importer(815301076,1909f56bfc062723c751e8b465ee728b)  -> (artifact id: '11c93624b6b4db7e47b552766c8ffc07') in 0.025740 seconds
  Import took 0.030385 seconds .

========================================================================
Received Import Request.
  Time since last request: 0.000359 seconds.
  path: Assets/Materials/Player.mat
  artifactKey: Guid(0fa3f1ca7f7713c429bcc44275595281) Importer(815301076,1909f56bfc062723c751e8b465ee728b)
Start importing Assets/Materials/Player.mat using Guid(0fa3f1ca7f7713c429bcc44275595281) Importer(815301076,1909f56bfc062723c751e8b465ee728b)  -> (artifact id: 'c3c9cc38f4fbab8efb41fe2eb0deaf0b') in 0.017383 seconds
  Import took 0.023160 seconds .

========================================================================
Received Import Request.
  Time since last request: 0.003209 seconds.
  path: Assets/Materials/Player.mat
  artifactKey: Guid(0fa3f1ca7f7713c429bcc44275595281) Importer(815301076,1909f56bfc062723c751e8b465ee728b)
Start importing Assets/Materials/Player.mat using Guid(0fa3f1ca7f7713c429bcc44275595281) Importer(815301076,1909f56bfc062723c751e8b465ee728b)  -> (artifact id: 'c3c9cc38f4fbab8efb41fe2eb0deaf0b') in 0.009812 seconds
  Import took 0.014578 seconds .

========================================================================
Received Import Request.
  Time since last request: 54.687466 seconds.
  path: Assets/Textures
  artifactKey: Guid(8f64e45451f48e242bda5c24e66c0366) Importer(815301076,1909f56bfc062723c751e8b465ee728b)
Start importing Assets/Textures using Guid(8f64e45451f48e242bda5c24e66c0366) Importer(815301076,1909f56bfc062723c751e8b465ee728b)  -> (artifact id: '82036f3d2a7b1d0082ba80938f908584') in 0.001569 seconds
  Import took 0.005963 seconds .

========================================================================
Received Import Request.
  Time since last request: 73.771336 seconds.
  path: Assets/Textures/Texture001.png
  artifactKey: Guid(292d017f34edf2243b212d81b88c94e0) Importer(815301076,1909f56bfc062723c751e8b465ee728b)
Start importing Assets/Textures/Texture001.png using Guid(292d017f34edf2243b212d81b88c94e0) Importer(815301076,1909f56bfc062723c751e8b465ee728b)  -> (artifact id: '6730af0aac64739a15a21b4acd808c8d') in 0.067918 seconds
  Import took 0.072437 seconds .

========================================================================
Received Import Request.
  Time since last request: 0.000358 seconds.
  path: Assets/Textures/Texture004.png
  artifactKey: Guid(91b36aafae251614999da39c40df0a59) Importer(815301076,1909f56bfc062723c751e8b465ee728b)
Start importing Assets/Textures/Texture004.png using Guid(91b36aafae251614999da39c40df0a59) Importer(815301076,1909f56bfc062723c751e8b465ee728b)  -> (artifact id: '870cc08d51851303612e26d62429f676') in 0.013493 seconds
  Import took 0.017553 seconds .

========================================================================
Received Import Request.
  Time since last request: 0.000315 seconds.
  path: Assets/Textures/Texture006.png
  artifactKey: Guid(ed6c5089e172a824fa463781f75c618e) Importer(815301076,1909f56bfc062723c751e8b465ee728b)
Start importing Assets/Textures/Texture006.png using Guid(ed6c5089e172a824fa463781f75c618e) Importer(815301076,1909f56bfc062723c751e8b465ee728b)  -> (artifact id: 'f7635e6127559138bb441e95ef1dc060') in 0.007971 seconds
  Import took 0.013416 seconds .

========================================================================
Received Import Request.
  Time since last request: 0.000400 seconds.
  path: Assets/Textures/Texture007.png
  artifactKey: Guid(78722523bf08a2a4c97dc3cec856dd43) Importer(815301076,1909f56bfc062723c751e8b465ee728b)
Start importing Assets/Textures/Texture007.png using Guid(78722523bf08a2a4c97dc3cec856dd43) Importer(815301076,1909f56bfc062723c751e8b465ee728b)  -> (artifact id: '46a154ab27af8bff074c95fc11b7a988') in 0.026487 seconds
  Import took 0.031485 seconds .

========================================================================
Received Import Request.
  Time since last request: 0.000487 seconds.
  path: Assets/Textures/Texture009.png
  artifactKey: Guid(a5b54bed36d9cf34786361aa3b4fc11c) Importer(815301076,1909f56bfc062723c751e8b465ee728b)
Start importing Assets/Textures/Texture009.png using Guid(a5b54bed36d9cf34786361aa3b4fc11c) Importer(815301076,1909f56bfc062723c751e8b465ee728b)  -> (artifact id: 'bd06c3b3c20abb2418b0a54691f4d196') in 0.012255 seconds
  Import took 0.017633 seconds .

========================================================================
Received Import Request.
  Time since last request: 0.000336 seconds.
  path: Assets/Textures/Texture005.png
  artifactKey: Guid(ec0117b005c89f34481104da4f06cc7a) Importer(815301076,1909f56bfc062723c751e8b465ee728b)
Start importing Assets/Textures/Texture005.png using Guid(ec0117b005c89f34481104da4f06cc7a) Importer(815301076,1909f56bfc062723c751e8b465ee728b)  -> (artifact id: 'ecc621a611904c34c0a08de2b274ece4') in 0.037453 seconds
  Import took 0.041654 seconds .

========================================================================
Received Import Request.
  Time since last request: 0.000292 seconds.
  path: Assets/Textures/Texture008.png
  artifactKey: Guid(65c8875fb463cbe448b6ecd81a69b1d0) Importer(815301076,1909f56bfc062723c751e8b465ee728b)
Start importing Assets/Textures/Texture008.png using Guid(65c8875fb463cbe448b6ecd81a69b1d0) Importer(815301076,1909f56bfc062723c751e8b465ee728b)  -> (artifact id: 'f9287b2380b4b568d98c8cd73b449d89') in 0.007390 seconds
  Import took 0.011157 seconds .

========================================================================
Received Import Request.
  Time since last request: 0.000353 seconds.
  path: Assets/Textures/Texture003.png
  artifactKey: Guid(b914b67b0f55ff64aa83f925520e7d04) Importer(815301076,1909f56bfc062723c751e8b465ee728b)
Start importing Assets/Textures/Texture003.png using Guid(b914b67b0f55ff64aa83f925520e7d04) Importer(815301076,1909f56bfc062723c751e8b465ee728b)  -> (artifact id: '4d9cb41dc049d1ac7d2ae92fbd3b0b18') in 0.007600 seconds
  Import took 0.021496 seconds .

========================================================================
Received Import Request.
  Time since last request: 0.000335 seconds.
  path: Assets/Textures/Texture002.png
  artifactKey: Guid(53e471f8d18273a439d031c5e8fd4a59) Importer(815301076,1909f56bfc062723c751e8b465ee728b)
Start importing Assets/Textures/Texture002.png using Guid(53e471f8d18273a439d031c5e8fd4a59) Importer(815301076,1909f56bfc062723c751e8b465ee728b)  -> (artifact id: '760af9f5fdc7c57a759a6f65f28db67a') in 0.009236 seconds
  Import took 0.013998 seconds .

========================================================================
Received Import Request.
  Time since last request: 3.554453 seconds.
  path: Assets/GUI/Icon (2).png
  artifactKey: Guid(910a34966cc11ac40a7f5b691cc4c0f5) Importer(815301076,1909f56bfc062723c751e8b465ee728b)
Start importing Assets/GUI/Icon (2).png using Guid(910a34966cc11ac40a7f5b691cc4c0f5) Importer(815301076,1909f56bfc062723c751e8b465ee728b)  -> (artifact id: 'ec30a0f64322b104ba802b9581feb0f6') in 0.069247 seconds
  Import took 0.074656 seconds .

========================================================================
Received Import Request.
  Time since last request: 0.000400 seconds.
  path: Assets/GUI/Sound (1).png
  artifactKey: Guid(317e838213a844346a931c17a5aa6204) Importer(815301076,1909f56bfc062723c751e8b465ee728b)
Start importing Assets/GUI/Sound (1).png using Guid(317e838213a844346a931c17a5aa6204) Importer(815301076,1909f56bfc062723c751e8b465ee728b)  -> (artifact id: '48db6419f8fa2a4038e39d96d1f3fb70') in 0.042780 seconds
  Import took 0.048626 seconds .

========================================================================
Received Import Request.
  Time since last request: 0.000307 seconds.
  path: Assets/Scenes/Level/ReflectionProbe-0.exr
  artifactKey: Guid(57fb9ad57ffbc924eae779e210621ce6) Importer(815301076,1909f56bfc062723c751e8b465ee728b)
Start importing Assets/Scenes/Level/ReflectionProbe-0.exr using Guid(57fb9ad57ffbc924eae779e210621ce6) Importer(815301076,1909f56bfc062723c751e8b465ee728b)  -> (artifact id: '464b0890dfa985ae3d7963674026a8de') in 0.062680 seconds
  Import took 0.067328 seconds .

========================================================================
Received Import Request.
  Time since last request: 0.000290 seconds.
  path: Assets/GUI/Window Inside.png
  artifactKey: Guid(a26e75b03d3a1df4e87cc77bf6ff0842) Importer(815301076,1909f56bfc062723c751e8b465ee728b)
Start importing Assets/GUI/Window Inside.png using Guid(a26e75b03d3a1df4e87cc77bf6ff0842) Importer(815301076,1909f56bfc062723c751e8b465ee728b)  -> (artifact id: '4396877d4754d39aafb0b9b80c8bd1ca') in 0.262045 seconds
  Import took 0.266345 seconds .

========================================================================
Received Import Request.
  Time since last request: 0.000358 seconds.
  path: Assets/GUI/Icon (2).png
  artifactKey: Guid(910a34966cc11ac40a7f5b691cc4c0f5) Importer(815301076,1909f56bfc062723c751e8b465ee728b)
Start importing Assets/GUI/Icon (2).png using Guid(910a34966cc11ac40a7f5b691cc4c0f5) Importer(815301076,1909f56bfc062723c751e8b465ee728b)  -> (artifact id: 'ec30a0f64322b104ba802b9581feb0f6') in 0.013257 seconds
  Import took 0.017637 seconds .

========================================================================
Received Import Request.
  Time since last request: 0.000368 seconds.
  path: Assets/GUI/Text (3).png
  artifactKey: Guid(8f5cc4743f1a8194496cd6d63901d2bb) Importer(815301076,1909f56bfc062723c751e8b465ee728b)
Start importing Assets/GUI/Text (3).png using Guid(8f5cc4743f1a8194496cd6d63901d2bb) Importer(815301076,1909f56bfc062723c751e8b465ee728b)  -> (artifact id: '0a0c3868d4bb3dc57f37a03dafcce1a7') in 0.054898 seconds
  Import took 0.059628 seconds .

========================================================================
Received Import Request.
  Time since last request: 0.000416 seconds.
  path: Assets/GUI/Icon (3).png
  artifactKey: Guid(65b44173a000e554fb905b45ff3f4539) Importer(815301076,1909f56bfc062723c751e8b465ee728b)
Start importing Assets/GUI/Icon (3).png using Guid(65b44173a000e554fb905b45ff3f4539) Importer(815301076,1909f56bfc062723c751e8b465ee728b)  -> (artifact id: '3a64a43b938954b3dbd55599b27942bf') in 0.031005 seconds
  Import took 0.037358 seconds .

========================================================================
Received Import Request.
  Time since last request: 0.000338 seconds.
  path: Assets/GUI/Text (1).png
  artifactKey: Guid(4d58bd32e3ba1234d910f93197fef562) Importer(815301076,1909f56bfc062723c751e8b465ee728b)
Start importing Assets/GUI/Text (1).png using Guid(4d58bd32e3ba1234d910f93197fef562) Importer(815301076,1909f56bfc062723c751e8b465ee728b)  -> (artifact id: '9b28497e3738a517783661bb36b6ade2') in 0.017964 seconds
  Import took 0.022333 seconds .

========================================================================
Received Import Request.
  Time since last request: 0.000387 seconds.
  path: Assets/GUI/Icon (3).png
  artifactKey: Guid(65b44173a000e554fb905b45ff3f4539) Importer(815301076,1909f56bfc062723c751e8b465ee728b)
Start importing Assets/GUI/Icon (3).png using Guid(65b44173a000e554fb905b45ff3f4539) Importer(815301076,1909f56bfc062723c751e8b465ee728b)  -> (artifact id: '3a64a43b938954b3dbd55599b27942bf') in 0.018981 seconds
  Import took 0.024843 seconds .

========================================================================
Received Import Request.
  Time since last request: 0.000431 seconds.
  path: Assets/GUI/Sound (3).png
  artifactKey: Guid(95eb192d0d5cb8f4588961c213a004de) Importer(815301076,1909f56bfc062723c751e8b465ee728b)
Start importing Assets/GUI/Sound (3).png using Guid(95eb192d0d5cb8f4588961c213a004de) Importer(815301076,1909f56bfc062723c751e8b465ee728b)  -> (artifact id: 'aaa4f3d7072c1882bd8bb1b74adccc57') in 0.039322 seconds
  Import took 0.044031 seconds .

========================================================================
Received Import Request.
  Time since last request: 0.000268 seconds.
  path: Assets/GUI/Text (2).png
  artifactKey: Guid(3e34ba14d5dbae140b33991a6a12f2ee) Importer(815301076,1909f56bfc062723c751e8b465ee728b)
Start importing Assets/GUI/Text (2).png using Guid(3e34ba14d5dbae140b33991a6a12f2ee) Importer(815301076,1909f56bfc062723c751e8b465ee728b)  -> (artifact id: '270f62e21557ac4fb8409e9394af2772') in 0.043109 seconds
  Import took 0.071166 seconds .

========================================================================
Received Import Request.
  Time since last request: 0.000370 seconds.
  path: Assets/GUI/RightArrow (2).png
  artifactKey: Guid(754d18390ff392e47aedc1002a6cafe1) Importer(815301076,1909f56bfc062723c751e8b465ee728b)
Start importing Assets/GUI/RightArrow (2).png using Guid(754d18390ff392e47aedc1002a6cafe1) Importer(815301076,1909f56bfc062723c751e8b465ee728b)  -> (artifact id: '56605304449d18cb7f77a16f8a76fe49') in 0.031972 seconds
  Import took 0.037816 seconds .

========================================================================
Received Import Request.
  Time since last request: 0.000347 seconds.
  path: Assets/GUI/LeftArrow (1).png
  artifactKey: Guid(a01c99c87dbb090418627024a3462008) Importer(815301076,1909f56bfc062723c751e8b465ee728b)
Start importing Assets/GUI/LeftArrow (1).png using Guid(a01c99c87dbb090418627024a3462008) Importer(815301076,1909f56bfc062723c751e8b465ee728b)  -> (artifact id: '6523c269e371e05ab80adab8ae28cc8d') in 0.040743 seconds
  Import took 0.047425 seconds .

========================================================================
Received Import Request.
  Time since last request: 0.000334 seconds.
  path: Assets/GUI/LeftArrow (2).png
  artifactKey: Guid(dadcb45c85c4c0c4c87f258e25b723a2) Importer(815301076,1909f56bfc062723c751e8b465ee728b)
Start importing Assets/GUI/LeftArrow (2).png using Guid(dadcb45c85c4c0c4c87f258e25b723a2) Importer(815301076,1909f56bfc062723c751e8b465ee728b)  -> (artifact id: '3e5f7466fb51ee2b0c52a7a4d85f65e9') in 0.025013 seconds
  Import took 0.030265 seconds .

========================================================================
Received Import Request.
  Time since last request: 0.000314 seconds.
  path: Assets/GUI/Sound (2).png
  artifactKey: Guid(244a927861ffffe46bf5b6e08e1f1f2f) Importer(815301076,1909f56bfc062723c751e8b465ee728b)
Start importing Assets/GUI/Sound (2).png using Guid(244a927861ffffe46bf5b6e08e1f1f2f) Importer(815301076,1909f56bfc062723c751e8b465ee728b)  -> (artifact id: '97a2aac2d4437200380c4e87a1098618') in 0.049940 seconds
  Import took 0.057089 seconds .

========================================================================
Received Import Request.
  Time since last request: 0.000358 seconds.
  path: Assets/GUI/Window.png
  artifactKey: Guid(07b0adda0a678404d8fe3255cfec1401) Importer(815301076,1909f56bfc062723c751e8b465ee728b)
Start importing Assets/GUI/Window.png using Guid(07b0adda0a678404d8fe3255cfec1401) Importer(815301076,1909f56bfc062723c751e8b465ee728b)  -> (artifact id: '24afb9577d0d5f7764a63a5f5adda0c6') in 0.086090 seconds
  Import took 0.091964 seconds .

========================================================================
Received Import Request.
  Time since last request: 0.000355 seconds.
  path: Assets/GUI/play-button-circled.png
  artifactKey: Guid(4ba3450c5669712429e36c37e1cd0c1c) Importer(815301076,1909f56bfc062723c751e8b465ee728b)
Start importing Assets/GUI/play-button-circled.png using Guid(4ba3450c5669712429e36c37e1cd0c1c) Importer(815301076,1909f56bfc062723c751e8b465ee728b)  -> (artifact id: 'a4bc8da40fc6caa2f646ff1e05ba5315') in 0.048393 seconds
  Import took 0.053942 seconds .

========================================================================
Received Import Request.
  Time since last request: 0.000367 seconds.
  path: Assets/GUI/Text (4).png
  artifactKey: Guid(371118a86188c5743bc9220840d9b552) Importer(815301076,1909f56bfc062723c751e8b465ee728b)
Start importing Assets/GUI/Text (4).png using Guid(371118a86188c5743bc9220840d9b552) Importer(815301076,1909f56bfc062723c751e8b465ee728b)  -> (artifact id: 'c84cea4026a50fce689555f1e987f727') in 0.028746 seconds
  Import took 0.035798 seconds .

========================================================================
Received Import Request.
  Time since last request: 0.000432 seconds.
  path: Assets/Scenes/Menu/ReflectionProbe-0.exr
  artifactKey: Guid(d56ab357efb5ca24fb224974fc12dbc0) Importer(815301076,1909f56bfc062723c751e8b465ee728b)
Start importing Assets/Scenes/Menu/ReflectionProbe-0.exr using Guid(d56ab357efb5ca24fb224974fc12dbc0) Importer(815301076,1909f56bfc062723c751e8b465ee728b)  -> (artifact id: 'd0c594f6f42d1c067d49dc862ac8b050') in 0.015959 seconds
  Import took 0.027664 seconds .

========================================================================
Received Import Request.
  Time since last request: 0.000361 seconds.
  path: Assets/GUI/RightArrow (1).png
  artifactKey: Guid(d400c844e339eed45931afca62dbc800) Importer(815301076,1909f56bfc062723c751e8b465ee728b)
Start importing Assets/GUI/RightArrow (1).png using Guid(d400c844e339eed45931afca62dbc800) Importer(815301076,1909f56bfc062723c751e8b465ee728b)  -> (artifact id: '553c8b4f16bdfafc3f6d18501a868c27') in 0.040707 seconds
  Import took 0.048970 seconds .

========================================================================
Received Import Request.
  Time since last request: 12.423085 seconds.
  path: Assets/Prefabs/AudioManager.prefab
  artifactKey: Guid(f43dc1190da09f44b99beea5f00edfe7) Importer(815301076,1909f56bfc062723c751e8b465ee728b)
Start importing Assets/Prefabs/AudioManager.prefab using Guid(f43dc1190da09f44b99beea5f00edfe7) Importer(815301076,1909f56bfc062723c751e8b465ee728b)  -> (artifact id: 'c1d0b07abf611f1f22d142ceaa9216a5') in 0.103916 seconds
  Import took 0.108836 seconds .

========================================================================
Received Import Request.
  Time since last request: 0.000395 seconds.
  path: Assets/Prefabs/Coin.prefab
  artifactKey: Guid(4394ebd9e0462dc4b9b9d97068acf681) Importer(815301076,1909f56bfc062723c751e8b465ee728b)
Start importing Assets/Prefabs/Coin.prefab using Guid(4394ebd9e0462dc4b9b9d97068acf681) Importer(815301076,1909f56bfc062723c751e8b465ee728b)  -> (artifact id: 'f533872fbde352f2984e5e53225b13e1') in 0.073158 seconds
  Import took 0.077950 seconds .

========================================================================
Received Import Request.
  Time since last request: 0.000396 seconds.
  path: Assets/Prefabs/Tile2.prefab
  artifactKey: Guid(f5f2d761f6055774ba4621e676271ea3) Importer(815301076,1909f56bfc062723c751e8b465ee728b)
Start importing Assets/Prefabs/Tile2.prefab using Guid(f5f2d761f6055774ba4621e676271ea3) Importer(815301076,1909f56bfc062723c751e8b465ee728b)  -> (artifact id: '4838659fbf0654a780b02ab414769d90') in 0.075478 seconds
  Import took 0.079829 seconds .

========================================================================
Received Import Request.
  Time since last request: 0.000339 seconds.
  path: Assets/Prefabs/Tile1.prefab
  artifactKey: Guid(b6a5599f4f85bae48b72d56786375958) Importer(815301076,1909f56bfc062723c751e8b465ee728b)
Start importing Assets/Prefabs/Tile1.prefab using Guid(b6a5599f4f85bae48b72d56786375958) Importer(815301076,1909f56bfc062723c751e8b465ee728b)  -> (artifact id: 'dc84264d46ec44f6c046964681ae9a68') in 0.011913 seconds
  Import took 0.016284 seconds .

========================================================================
Received Import Request.
  Time since last request: 0.000312 seconds.
  path: Assets/Prefabs/Tile6.prefab
  artifactKey: Guid(032a9ebc84b7dc344bf31dcc2832a138) Importer(815301076,1909f56bfc062723c751e8b465ee728b)
Start importing Assets/Prefabs/Tile6.prefab using Guid(032a9ebc84b7dc344bf31dcc2832a138) Importer(815301076,1909f56bfc062723c751e8b465ee728b)  -> (artifact id: '1300a876372891b4cb2e766f913acbc3') in 0.043782 seconds
  Import took 0.050523 seconds .

========================================================================
Received Import Request.
  Time since last request: 0.000311 seconds.
  path: Assets/Prefabs/Tile4.prefab
  artifactKey: Guid(087e8767529b1a249a4a9a94ce186a95) Importer(815301076,1909f56bfc062723c751e8b465ee728b)
Start importing Assets/Prefabs/Tile4.prefab using Guid(087e8767529b1a249a4a9a94ce186a95) Importer(815301076,1909f56bfc062723c751e8b465ee728b)  -> (artifact id: 'dbca2e0cceea6ef0e0d7e5d605501fd5') in 0.018695 seconds
  Import took 0.023395 seconds .

========================================================================
Received Import Request.
  Time since last request: 0.000370 seconds.
  path: Assets/Prefabs/Tile5.prefab
  artifactKey: Guid(edf2d894001b4d046a8c1a1ac5481bcc) Importer(815301076,1909f56bfc062723c751e8b465ee728b)
Start importing Assets/Prefabs/Tile5.prefab using Guid(edf2d894001b4d046a8c1a1ac5481bcc) Importer(815301076,1909f56bfc062723c751e8b465ee728b)  -> (artifact id: 'f2b4ef0dbb9746ab57c304c7fdc7485b') in 0.031469 seconds
  Import took 0.051998 seconds .

========================================================================
Received Import Request.
  Time since last request: 0.000470 seconds.
  path: Assets/Prefabs/Tile3.prefab
  artifactKey: Guid(82895979b1ce05c4d996dcbcc177477a) Importer(815301076,1909f56bfc062723c751e8b465ee728b)
Start importing Assets/Prefabs/Tile3.prefab using Guid(82895979b1ce05c4d996dcbcc177477a) Importer(815301076,1909f56bfc062723c751e8b465ee728b)  -> (artifact id: '5ccdf19a9fa4ddc5d37fd3ce6fb3fe63') in 0.012461 seconds
  Import took 0.018448 seconds .

========================================================================
Received Import Request.
  Time since last request: 60.554251 seconds.
  path: Assets/Models/Road.fbx
  artifactKey: Guid(ef31376b5c080194fa8fe497e813be65) Importer(815301076,1909f56bfc062723c751e8b465ee728b)
Start importing Assets/Models/Road.fbx using Guid(ef31376b5c080194fa8fe497e813be65) Importer(815301076,1909f56bfc062723c751e8b465ee728b)  -> (artifact id: '528bc07c1524a5bce7aa9fe88983615c') in 0.305851 seconds
  Import took 0.310976 seconds .

========================================================================
Received Import Request.
  Time since last request: 0.000358 seconds.
  path: Assets/Models/TrafficCone.fbx
  artifactKey: Guid(5f339cd546327fd43979cfc1f9f0b316) Importer(815301076,1909f56bfc062723c751e8b465ee728b)
Start importing Assets/Models/TrafficCone.fbx using Guid(5f339cd546327fd43979cfc1f9f0b316) Importer(815301076,1909f56bfc062723c751e8b465ee728b)  -> (artifact id: 'cf08992390973b3a8f328d8cb07a753b') in 0.021454 seconds
  Import took 0.026750 seconds .

========================================================================
Received Import Request.
  Time since last request: 0.000738 seconds.
  path: Assets/Models/RoadWorksBarrierHigh.fbx
  artifactKey: Guid(8f92f27d806faa3489b3a6132f5ae7b2) Importer(815301076,1909f56bfc062723c751e8b465ee728b)
Start importing Assets/Models/RoadWorksBarrierHigh.fbx using Guid(8f92f27d806faa3489b3a6132f5ae7b2) Importer(815301076,1909f56bfc062723c751e8b465ee728b)  -> (artifact id: 'b28afae88f1e36b65ad8d034c442ee52') in 0.024387 seconds
  Import took 0.028909 seconds .

========================================================================
Received Import Request.
  Time since last request: 0.000340 seconds.
  path: Assets/Models/Road.fbx
  artifactKey: Guid(ef31376b5c080194fa8fe497e813be65) Importer(815301076,1909f56bfc062723c751e8b465ee728b)
Start importing Assets/Models/Road.fbx using Guid(ef31376b5c080194fa8fe497e813be65) Importer(815301076,1909f56bfc062723c751e8b465ee728b)  -> (artifact id: '528bc07c1524a5bce7aa9fe88983615c') in 0.028404 seconds
  Import took 0.032892 seconds .

========================================================================
Received Import Request.
  Time since last request: 0.000335 seconds.
  path: Assets/Models/RoadWorksBarrierLow.fbx
  artifactKey: Guid(a430068fe22ee37499c145bc8d468ce5) Importer(815301076,1909f56bfc062723c751e8b465ee728b)
Start importing Assets/Models/RoadWorksBarrierLow.fbx using Guid(a430068fe22ee37499c145bc8d468ce5) Importer(815301076,1909f56bfc062723c751e8b465ee728b)  -> (artifact id: '55a10019ab81aecdde5254d3ff9e9ba3') in 0.023931 seconds
  Import took 0.028895 seconds .

========================================================================
Received Import Request.
  Time since last request: 0.000318 seconds.
  path: Assets/Models/Wheel.fbx
  artifactKey: Guid(affdc6fe4df0f9844b56987e5390e94d) Importer(815301076,1909f56bfc062723c751e8b465ee728b)
Start importing Assets/Models/Wheel.fbx using Guid(affdc6fe4df0f9844b56987e5390e94d) Importer(815301076,1909f56bfc062723c751e8b465ee728b)  -> (artifact id: '4db2b29e7cb55fbf6781610cd91f02be') in 0.048882 seconds
  Import took 0.054207 seconds .

========================================================================
Received Import Request.
  Time since last request: 0.005387 seconds.
  path: Assets/Models/Wheel.fbx
  artifactKey: Guid(affdc6fe4df0f9844b56987e5390e94d) Importer(815301076,1909f56bfc062723c751e8b465ee728b)
Start importing Assets/Models/Wheel.fbx using Guid(affdc6fe4df0f9844b56987e5390e94d) Importer(815301076,1909f56bfc062723c751e8b465ee728b)  -> (artifact id: '4db2b29e7cb55fbf6781610cd91f02be') in 0.024038 seconds
  Import took 0.029576 seconds .

========================================================================
Received Import Request.
  Time since last request: 24.434887 seconds.
  path: Assets/Materials
  artifactKey: Guid(d8e12a3cc76b8ba45a213c331c105872) Importer(815301076,1909f56bfc062723c751e8b465ee728b)
Start importing Assets/Materials using Guid(d8e12a3cc76b8ba45a213c331c105872) Importer(815301076,1909f56bfc062723c751e8b465ee728b)  -> (artifact id: 'fc5a0cdc5a22744685d09cb8db147a01') in 0.001457 seconds
  Import took 0.005630 seconds .

========================================================================
Received Import Request.
  Time since last request: 24.187263 seconds.
  path: Assets/Materials/Coin.mat
  artifactKey: Guid(9840472eec3e42a42907d7dce4f05ba2) Importer(815301076,1909f56bfc062723c751e8b465ee728b)
Start importing Assets/Materials/Coin.mat using Guid(9840472eec3e42a42907d7dce4f05ba2) Importer(815301076,1909f56bfc062723c751e8b465ee728b)  -> (artifact id: '5f7d054489d8431e2c300281f86aeb6a') in 0.126576 seconds
  Import took 0.131878 seconds .

========================================================================
Received Import Request.
  Time since last request: 0.000362 seconds.
  path: Assets/Materials/Gray.mat
  artifactKey: Guid(00efef5b0573f8b439f663c64f0febd8) Importer(815301076,1909f56bfc062723c751e8b465ee728b)
Start importing Assets/Materials/Gray.mat using Guid(00efef5b0573f8b439f663c64f0febd8) Importer(815301076,1909f56bfc062723c751e8b465ee728b)  -> (artifact id: 'c6e5ebc588306ffd103aeb9d5d47d756') in 0.010743 seconds
  Import took 0.016369 seconds .

========================================================================
Received Import Request.
  Time since last request: 53.006237 seconds.
  path: Assets/Materials/Gray.mat
  artifactKey: Guid(00efef5b0573f8b439f663c64f0febd8) Importer(815301076,1909f56bfc062723c751e8b465ee728b)
Start importing Assets/Materials/Gray.mat using Guid(00efef5b0573f8b439f663c64f0febd8) Importer(815301076,1909f56bfc062723c751e8b465ee728b)  -> (artifact id: 'ed00d9dacbbcb4d89f5aa1c5334bc884') in 0.015452 seconds
  Import took 0.020112 seconds .

========================================================================
Received Import Request.
  Time since last request: 0.000339 seconds.
  path: Assets/Materials/White.mat
  artifactKey: Guid(0427fdb6dd83c9440b59a0f75bfc9a66) Importer(815301076,1909f56bfc062723c751e8b465ee728b)
Start importing Assets/Materials/White.mat using Guid(0427fdb6dd83c9440b59a0f75bfc9a66) Importer(815301076,1909f56bfc062723c751e8b465ee728b)  -> (artifact id: '7c5798ece0fda640acdca287f1d7ced0') in 0.014395 seconds
  Import took 0.019240 seconds .

========================================================================
Received Import Request.
  Time since last request: 36.261820 seconds.
  path: Assets/Materials/White.mat
  artifactKey: Guid(0427fdb6dd83c9440b59a0f75bfc9a66) Importer(815301076,1909f56bfc062723c751e8b465ee728b)
Start importing Assets/Materials/White.mat using Guid(0427fdb6dd83c9440b59a0f75bfc9a66) Importer(815301076,1909f56bfc062723c751e8b465ee728b)  -> (artifact id: '5d25befb5d263a66720adc9ba7e11db9') in 0.029008 seconds
  Import took 0.033879 seconds .

========================================================================
Received Import Request.
  Time since last request: 0.000385 seconds.
  path: Assets/Materials/Yellow.mat
  artifactKey: Guid(e298bdafd0f28ee4cb08d852672a563e) Importer(815301076,1909f56bfc062723c751e8b465ee728b)
Start importing Assets/Materials/Yellow.mat using Guid(e298bdafd0f28ee4cb08d852672a563e) Importer(815301076,1909f56bfc062723c751e8b465ee728b)  -> (artifact id: '654e2eb938ec762d1be0cb9ed1091e57') in 0.011513 seconds
  Import took 0.016115 seconds .

========================================================================
Received Import Request.
  Time since last request: 112.648645 seconds.
  path: Assets/Prefabs/Tile1.prefab
  artifactKey: Guid(b6a5599f4f85bae48b72d56786375958) Importer(815301076,1909f56bfc062723c751e8b465ee728b)
Start importing Assets/Prefabs/Tile1.prefab using Guid(b6a5599f4f85bae48b72d56786375958) Importer(815301076,1909f56bfc062723c751e8b465ee728b)  -> (artifact id: '1bfb56cf4a75e327075cb98eadb13c50') in 0.019865 seconds
  Import took 0.024466 seconds .

========================================================================
Received Import Request.
  Time since last request: 81.426309 seconds.
  path: Assets/Materials/Orange.mat
  artifactKey: Guid(5a61e606e81ff6046ba039c40658de12) Importer(815301076,1909f56bfc062723c751e8b465ee728b)
Start importing Assets/Materials/Orange.mat using Guid(5a61e606e81ff6046ba039c40658de12) Importer(815301076,1909f56bfc062723c751e8b465ee728b)  -> (artifact id: '32f9cf38e3f7d9915fc736ada14e2bba') in 0.011078 seconds
  Import took 0.017257 seconds .

========================================================================
Received Import Request.
  Time since last request: 0.000447 seconds.
  path: Assets/Materials/Yellow.mat
  artifactKey: Guid(e298bdafd0f28ee4cb08d852672a563e) Importer(815301076,1909f56bfc062723c751e8b465ee728b)
Start importing Assets/Materials/Yellow.mat using Guid(e298bdafd0f28ee4cb08d852672a563e) Importer(815301076,1909f56bfc062723c751e8b465ee728b)  -> (artifact id: '5a3c63cddcb7e8ef6c1a90a8a6934963') in 0.014463 seconds
  Import took 0.019251 seconds .

========================================================================
Received Import Request.
  Time since last request: 130.325703 seconds.
  path: Assets/Prefabs/Tile2.prefab
  artifactKey: Guid(f5f2d761f6055774ba4621e676271ea3) Importer(815301076,1909f56bfc062723c751e8b465ee728b)
Start importing Assets/Prefabs/Tile2.prefab using Guid(f5f2d761f6055774ba4621e676271ea3) Importer(815301076,1909f56bfc062723c751e8b465ee728b)  -> (artifact id: 'f1142356f843dd111795c2b8e2180fec') in 0.018105 seconds
  Import took 0.023181 seconds .

========================================================================
Received Import Request.
  Time since last request: 21.900638 seconds.
  path: Assets/Prefabs/Tile3.prefab
  artifactKey: Guid(82895979b1ce05c4d996dcbcc177477a) Importer(815301076,1909f56bfc062723c751e8b465ee728b)
Start importing Assets/Prefabs/Tile3.prefab using Guid(82895979b1ce05c4d996dcbcc177477a) Importer(815301076,1909f56bfc062723c751e8b465ee728b)  -> (artifact id: '934cfd88b134bfc02cbd8c4169e7ab70') in 0.015349 seconds
  Import took 0.020066 seconds .

========================================================================
Received Import Request.
  Time since last request: 18.949868 seconds.
  path: Assets/Prefabs/Tile4.prefab
  artifactKey: Guid(087e8767529b1a249a4a9a94ce186a95) Importer(815301076,1909f56bfc062723c751e8b465ee728b)
Start importing Assets/Prefabs/Tile4.prefab using Guid(087e8767529b1a249a4a9a94ce186a95) Importer(815301076,1909f56bfc062723c751e8b465ee728b)  -> (artifact id: 'b80f1a263254c63e278338af4d8cbbc7') in 0.014706 seconds
  Import took 0.020293 seconds .

========================================================================
Received Import Request.
  Time since last request: 18.764044 seconds.
  path: Assets/Prefabs/Tile5.prefab
  artifactKey: Guid(edf2d894001b4d046a8c1a1ac5481bcc) Importer(815301076,1909f56bfc062723c751e8b465ee728b)
Start importing Assets/Prefabs/Tile5.prefab using Guid(edf2d894001b4d046a8c1a1ac5481bcc) Importer(815301076,1909f56bfc062723c751e8b465ee728b)  -> (artifact id: '2ef18c6f5a844481a25adf256f9b6bac') in 0.015276 seconds
  Import took 0.020185 seconds .

========================================================================
Received Import Request.
  Time since last request: 18.340795 seconds.
  path: Assets/Prefabs/Tile5.prefab
  artifactKey: Guid(edf2d894001b4d046a8c1a1ac5481bcc) Importer(815301076,1909f56bfc062723c751e8b465ee728b)
Start importing Assets/Prefabs/Tile5.prefab using Guid(edf2d894001b4d046a8c1a1ac5481bcc) Importer(815301076,1909f56bfc062723c751e8b465ee728b)  -> (artifact id: '0631eb772393ec78962656525466162b') in 0.104480 seconds
  Import took 0.109128 seconds .

========================================================================
Received Import Request.
  Time since last request: 60.033785 seconds.
  path: Assets/Materials/DarkGrey.mat
  artifactKey: Guid(ecf51177eeaa8dc41a06f4e364a9f4f8) Importer(815301076,1909f56bfc062723c751e8b465ee728b)
Start importing Assets/Materials/DarkGrey.mat using Guid(ecf51177eeaa8dc41a06f4e364a9f4f8) Importer(815301076,1909f56bfc062723c751e8b465ee728b)  -> (artifact id: '7a1a5de5aef084503e6b5b5bebb9cd6d') in 0.012009 seconds
  Import took 0.018860 seconds .

========================================================================
Received Import Request.
  Time since last request: 0.000332 seconds.
  path: Assets/Materials/Orange.mat
  artifactKey: Guid(5a61e606e81ff6046ba039c40658de12) Importer(815301076,1909f56bfc062723c751e8b465ee728b)
Start importing Assets/Materials/Orange.mat using Guid(5a61e606e81ff6046ba039c40658de12) Importer(815301076,1909f56bfc062723c751e8b465ee728b)  -> (artifact id: 'd88ea420e71b6d59d7ef8ac2181f6d61') in 0.012483 seconds
  Import took 0.017524 seconds .

========================================================================
Received Import Request.
  Time since last request: 32.549414 seconds.
  path: Assets/Prefabs/Tile6.prefab
  artifactKey: Guid(032a9ebc84b7dc344bf31dcc2832a138) Importer(815301076,1909f56bfc062723c751e8b465ee728b)
Start importing Assets/Prefabs/Tile6.prefab using Guid(032a9ebc84b7dc344bf31dcc2832a138) Importer(815301076,1909f56bfc062723c751e8b465ee728b)  -> (artifact id: '703af78cfb9bd98bc888558749a9c0a5') in 0.014855 seconds
  Import took 0.020053 seconds .

========================================================================
Received Import Request.
  Time since last request: 24.665107 seconds.
  path: Assets/Materials/Blue.mat
  artifactKey: Guid(a6012de5e95d7ca4b9f001f1b55ebf9d) Importer(815301076,1909f56bfc062723c751e8b465ee728b)
Start importing Assets/Materials/Blue.mat using Guid(a6012de5e95d7ca4b9f001f1b55ebf9d) Importer(815301076,1909f56bfc062723c751e8b465ee728b)  -> (artifact id: 'a23f464b784ef2f45eabf965146bdb8a') in 0.028404 seconds
  Import took 0.033362 seconds .

========================================================================
Received Import Request.
  Time since last request: 0.000372 seconds.
  path: Assets/Materials/DarkGray.mat
  artifactKey: Guid(ecf51177eeaa8dc41a06f4e364a9f4f8) Importer(815301076,1909f56bfc062723c751e8b465ee728b)
Start importing Assets/Materials/DarkGray.mat using Guid(ecf51177eeaa8dc41a06f4e364a9f4f8) Importer(815301076,1909f56bfc062723c751e8b465ee728b)  -> (artifact id: '9b8fa485882c2d98aaf41af12292480b') in 0.012419 seconds
  Import took 0.017187 seconds .

========================================================================
Received Import Request.
  Time since last request: 33.018448 seconds.
  path: Assets/Prefabs/Tile5.prefab
  artifactKey: Guid(edf2d894001b4d046a8c1a1ac5481bcc) Importer(815301076,1909f56bfc062723c751e8b465ee728b)
Start importing Assets/Prefabs/Tile5.prefab using Guid(edf2d894001b4d046a8c1a1ac5481bcc) Importer(815301076,1909f56bfc062723c751e8b465ee728b)  -> (artifact id: '3a732c37fcb7ce8e0e57673242a3513e') in 0.018853 seconds
  Import took 0.024364 seconds .

========================================================================
Received Import Request.
  Time since last request: 141.427596 seconds.
  path: Assets/Prefabs/Tile6.prefab
  artifactKey: Guid(032a9ebc84b7dc344bf31dcc2832a138) Importer(815301076,1909f56bfc062723c751e8b465ee728b)
Start importing Assets/Prefabs/Tile6.prefab using Guid(032a9ebc84b7dc344bf31dcc2832a138) Importer(815301076,1909f56bfc062723c751e8b465ee728b)  -> (artifact id: 'f026121d9b9093d64f0384229e8d306f') in 0.019194 seconds
  Import took 0.024280 seconds .

========================================================================
Received Prepare
Registering precompiled user dll's ...
Registered in 0.001390 seconds.
Begin MonoManager ReloadAssembly
Native extension for Lumin target not found
Native extension for LinuxStandalone target not found
Native extension for WindowsStandalone target not found
Native extension for OSXStandalone target not found
Native extension for WebGL target not found
Refreshing native plugins compatible for Editor in 0.54 ms, found 0 plugins.
Preloading 0 native plugins for Editor in 0.00 ms.
Invoked RoslynAnalysisRunner static constructor.
RoslynAnalysisRunner will not be running.
RoslynAnalysisRunner has terminated.
Mono: successfully reloaded assembly
- Completed reload, in  1.603 seconds
Platform modules already initialized, skipping
Switching build target platform(5) subTarget(0) extendedPlatform(0) -> platform(13) subTarget(537395200) extendedPlatform(0)
Shader 'Universal Render Pipeline/Particles/Lit': fallback shader 'Universal Render Pipeline/Particles/SimpleLit' not found
Refreshing native plugins compatible for Editor in 0.44 ms, found 0 plugins.
Preloading 0 native plugins for Editor in 0.00 ms.
Unloading 2332 Unused Serialized files (Serialized files now loaded: 0)
System memory in use before: 112.1 MB.
System memory in use after: 112.3 MB.

Unloading 5 unused Assets to reduce memory usage. Loaded Objects now: 2995.
Total: 2.616200 ms (FindLiveObjects: 0.302200 ms CreateObjectMapping: 0.143400 ms MarkObjects: 2.141900 ms  DeleteObjects: 0.026900 ms)

AssetImportParameters requested are different than current active one (requested -> active):
  custom:graphics/normal-map-encoding: 01000000000000000000000000000000 -> 02000000000000000000000000000000
========================================================================
Received Import Request.
  Time since last request: 221.627799 seconds.
  path: Assets/Materials/Black.mat
  artifactKey: Guid(8d471157738b08540bd5084e35e356fd) Importer(815301076,1909f56bfc062723c751e8b465ee728b)
Start importing Assets/Materials/Black.mat using Guid(8d471157738b08540bd5084e35e356fd) Importer(815301076,1909f56bfc062723c751e8b465ee728b)  -> (artifact id: '8934a08ea69d85247262f2953f5080ee') in 0.182439 seconds
  Import took 0.187769 seconds .

========================================================================
Received Import Request.
  Time since last request: 0.000342 seconds.
  path: Assets/Materials/Blue.mat
  artifactKey: Guid(a6012de5e95d7ca4b9f001f1b55ebf9d) Importer(815301076,1909f56bfc062723c751e8b465ee728b)
Start importing Assets/Materials/Blue.mat using Guid(a6012de5e95d7ca4b9f001f1b55ebf9d) Importer(815301076,1909f56bfc062723c751e8b465ee728b)  -> (artifact id: 'c7282d658de4983e80eb4f4b08d315cf') in 0.009988 seconds
  Import took 0.014611 seconds .

========================================================================
Received Prepare
Registering precompiled user dll's ...
Registered in 0.002034 seconds.
Begin MonoManager ReloadAssembly
Native extension for Lumin target not found
Native extension for LinuxStandalone target not found
Native extension for WindowsStandalone target not found
Native extension for OSXStandalone target not found
Native extension for WebGL target not found
Refreshing native plugins compatible for Editor in 1.72 ms, found 0 plugins.
Preloading 0 native plugins for Editor in 0.00 ms.
Invoked RoslynAnalysisRunner static constructor.
RoslynAnalysisRunner will not be running.
RoslynAnalysisRunner has terminated.
Mono: successfully reloaded assembly
- Completed reload, in  2.626 seconds
Platform modules already initialized, skipping
Switching build target platform(5) subTarget(0) extendedPlatform(0) -> platform(13) subTarget(537395200) extendedPlatform(0)
Shader 'Universal Render Pipeline/Particles/Lit': fallback shader 'Universal Render Pipeline/Particles/SimpleLit' not found
Refreshing native plugins compatible for Editor in 0.48 ms, found 0 plugins.
Preloading 0 native plugins for Editor in 0.00 ms.
Unloading 2331 Unused Serialized files (Serialized files now loaded: 0)
System memory in use before: 112.1 MB.
System memory in use after: 112.3 MB.

Unloading 5 unused Assets to reduce memory usage. Loaded Objects now: 3034.
Total: 5.753300 ms (FindLiveObjects: 2.056700 ms CreateObjectMapping: 0.404200 ms MarkObjects: 3.253200 ms  DeleteObjects: 0.029200 ms)

AssetImportParameters requested are different than current active one (requested -> active):
  custom:graphics/normal-map-encoding: 01000000000000000000000000000000 -> 02000000000000000000000000000000
========================================================================
Received Import Request.
  Time since last request: 140.483890 seconds.
  path: Assets/Prefabs/Tile6.prefab
  artifactKey: Guid(032a9ebc84b7dc344bf31dcc2832a138) Importer(815301076,1909f56bfc062723c751e8b465ee728b)
Start importing Assets/Prefabs/Tile6.prefab using Guid(032a9ebc84b7dc344bf31dcc2832a138) Importer(815301076,1909f56bfc062723c751e8b465ee728b)  -> (artifact id: '8863ea2c036060c20789f31d14c0fffd') in 0.179906 seconds
  Import took 0.185453 seconds .

========================================================================
Received Import Request.
  Time since last request: 11.860911 seconds.
  path: Assets/Prefabs/Post Processing.prefab
  artifactKey: Guid(977a9b5207084bd4898b344a5b0f2970) Importer(815301076,1909f56bfc062723c751e8b465ee728b)
Start importing Assets/Prefabs/Post Processing.prefab using Guid(977a9b5207084bd4898b344a5b0f2970) Importer(815301076,1909f56bfc062723c751e8b465ee728b)  -> (artifact id: 'ee2cdf54162f0127f185e1344006f5f9') in 0.005673 seconds
  Import took 0.010241 seconds .

========================================================================
Received Import Request.
  Time since last request: 0.005044 seconds.
  path: Assets/Prefabs/Post Processing.prefab
  artifactKey: Guid(977a9b5207084bd4898b344a5b0f2970) Importer(815301076,1909f56bfc062723c751e8b465ee728b)
Start importing Assets/Prefabs/Post Processing.prefab using Guid(977a9b5207084bd4898b344a5b0f2970) Importer(815301076,1909f56bfc062723c751e8b465ee728b)  -> (artifact id: 'ee2cdf54162f0127f185e1344006f5f9') in 0.003893 seconds
  Import took 0.008204 seconds .

========================================================================
Received Import Request.
  Time since last request: 6.596572 seconds.
  path: Assets/Scenes/Menu.unity
  artifactKey: Guid(11bad944c7db0fd448028a855da0300a) Importer(815301076,1909f56bfc062723c751e8b465ee728b)
Start importing Assets/Scenes/Menu.unity using Guid(11bad944c7db0fd448028a855da0300a) Importer(815301076,1909f56bfc062723c751e8b465ee728b)  -> (artifact id: '1dfdf011aa1c1720e9f40018c21d7eba') in 0.002119 seconds
  Import took 0.006805 seconds .

========================================================================
Received Import Request.
  Time since last request: 103.264453 seconds.
  path: Assets/Scenes/Level.unity
  artifactKey: Guid(9fc0d4010bbf28b4594072e72b8655ab) Importer(815301076,1909f56bfc062723c751e8b465ee728b)
Start importing Assets/Scenes/Level.unity using Guid(9fc0d4010bbf28b4594072e72b8655ab) Importer(815301076,1909f56bfc062723c751e8b465ee728b)  -> (artifact id: '6d9a7fc42700e75db780cd939cb9bf10') in 0.001855 seconds
  Import took 0.006142 seconds .

========================================================================
Received Import Request.
  Time since last request: 118.094787 seconds.
  path: Assets/Scenes/Menu.unity
  artifactKey: Guid(11bad944c7db0fd448028a855da0300a) Importer(815301076,1909f56bfc062723c751e8b465ee728b)
Start importing Assets/Scenes/Menu.unity using Guid(11bad944c7db0fd448028a855da0300a) Importer(815301076,1909f56bfc062723c751e8b465ee728b)  -> (artifact id: 'afeba7bea715ae0d159496f8a1d84e25') in 0.001919 seconds
  Import took 0.007292 seconds .

========================================================================
Received Prepare
Shader 'Universal Render Pipeline/Particles/Lit': fallback shader 'Universal Render Pipeline/Particles/SimpleLit' not found
Refreshing native plugins compatible for Editor in 2.37 ms, found 0 plugins.
Preloading 0 native plugins for Editor in 0.00 ms.
Unloading 3 Unused Serialized files (Serialized files now loaded: 0)
System memory in use before: 67.9 MB.
System memory in use after: 68.2 MB.

Unloading 3 unused Assets to reduce memory usage. Loaded Objects now: 3097.
Total: 8.452700 ms (FindLiveObjects: 0.661800 ms CreateObjectMapping: 0.261900 ms MarkObjects: 7.461700 ms  DeleteObjects: 0.064400 ms)

AssetImportWorkerClient::OnTransportError - code=2 error=End of file
