Using pre-set license
Built from '2020.3/staging' branch; Version is '2020.3.3f1 (76626098c1c4) revision 7758432'; Using compiler version '192528614'; Build Type 'Release'
OS: 'Windows 10 Home Single Language; OS build 19041.1052; Version 2004; 64bit' Language: 'tr' Physical Memory: 8101 MB
BatchMode: 1, IsHumanControllingUs: 0, StartBugReporterOnCrash: 0, Is64bit: 1, IsPro: 0

 COMMAND LINE ARGUMENTS:
C:\Program Files\Unity\Hub\Editor\2020.3.3f1\Editor\Unity.exe
-adb2
-batchMode
-noUpm
-name
AssetImportWorker0
-projectPath
E:/CalismaDosyalari/Bmprogramlari/Unity/Projects/Endless Game
-logFile
Logs/AssetImportWorker0.log
-srvPort
55139
Successfully changed project path to: E:/CalismaDosyalari/Bmprogramlari/Unity/Projects/Endless Game
E:/CalismaDosyalari/Bmprogramlari/Unity/Projects/Endless Game
Using Asset Import Pipeline V2.
Refreshing native plugins compatible for Editor in 166.11 ms, found 1 plugins.
Preloading 0 native plugins for Editor in 0.00 ms.
Initialize engine version: 2020.3.3f1 (76626098c1c4)
[Subsystems] Discovering subsystems at path C:/Program Files/Unity/Hub/Editor/2020.3.3f1/Editor/Data/Resources/UnitySubsystems
[Subsystems] Discovering subsystems at path E:/CalismaDosyalari/Bmprogramlari/Unity/Projects/Endless Game/Assets
GfxDevice: creating device client; threaded=0
Direct3D:
    Version:  Direct3D 11.0 [level 11.0]
    Renderer: NVIDIA GeForce 940MX (ID=0x134d)
    Vendor:   
    VRAM:     2010 MB
    Driver:   27.21.14.6647
Shader 'Universal Render Pipeline/Particles/Lit': fallback shader 'Universal Render Pipeline/Particles/SimpleLit' not found
Initialize mono
Mono path[0] = 'C:/Program Files/Unity/Hub/Editor/2020.3.3f1/Editor/Data/Managed'
Mono path[1] = 'C:/Program Files/Unity/Hub/Editor/2020.3.3f1/Editor/Data/MonoBleedingEdge/lib/mono/unityjit'
Mono config path = 'C:/Program Files/Unity/Hub/Editor/2020.3.3f1/Editor/Data/MonoBleedingEdge/etc'
Using monoOptions --debugger-agent=transport=dt_socket,embedding=1,server=y,suspend=n,address=127.0.0.1:56452
Begin MonoManager ReloadAssembly
Registering precompiled unity dll's ...
Register platform support module: C:/Program Files/Unity/Hub/Editor/2020.3.3f1/Editor/Data/PlaybackEngines/WebGLSupport/UnityEditor.WebGL.Extensions.dll
Register platform support module: C:/Program Files/Unity/Hub/Editor/2020.3.3f1/Editor/Data/PlaybackEngines/MacStandaloneSupport/UnityEditor.OSXStandalone.Extensions.dll
Register platform support module: C:/Program Files/Unity/Hub/Editor/2020.3.3f1/Editor/Data/PlaybackEngines/WindowsStandaloneSupport/UnityEditor.WindowsStandalone.Extensions.dll
Register platform support module: C:/Program Files/Unity/Hub/Editor/2020.3.3f1/Editor/Data/PlaybackEngines/LinuxStandaloneSupport/UnityEditor.LinuxStandalone.Extensions.dll
Register platform support module: C:/Program Files/Unity/Hub/Editor/2020.3.3f1/Editor/Data/PlaybackEngines/LuminSupport/UnityEditor.Lumin.Extensions.dll
Registered in 0.026287 seconds.
Native extension for Lumin target not found
Native extension for LinuxStandalone target not found
Native extension for WindowsStandalone target not found
Native extension for OSXStandalone target not found
Native extension for WebGL target not found
Refreshing native plugins compatible for Editor in 198.27 ms, found 1 plugins.
Preloading 0 native plugins for Editor in 0.00 ms.
Invoked RoslynAnalysisRunner static constructor.
RoslynAnalysisRunner will not be running.
RoslynAnalysisRunner has terminated.
Mono: successfully reloaded assembly
- Completed reload, in  7.776 seconds
Platform modules already initialized, skipping
Registering precompiled user dll's ...
Registered in 0.004355 seconds.
Begin MonoManager ReloadAssembly
Native extension for Lumin target not found
Native extension for LinuxStandalone target not found
Native extension for WindowsStandalone target not found
Native extension for OSXStandalone target not found
Native extension for WebGL target not found
Refreshing native plugins compatible for Editor in 161.96 ms, found 1 plugins.
Preloading 0 native plugins for Editor in 0.00 ms.
Invoked RoslynAnalysisRunner static constructor.
RoslynAnalysisRunner will not be running.
RoslynAnalysisRunner has terminated.
Mono: successfully reloaded assembly
- Completed reload, in  3.592 seconds
Platform modules already initialized, skipping
========================================================================
Worker process is ready to serve import requests
Shader 'Universal Render Pipeline/Particles/Lit': fallback shader 'Universal Render Pipeline/Particles/SimpleLit' not found
Launched and connected shader compiler UnityShaderCompiler.exe after 0.45 seconds
Refreshing native plugins compatible for Editor in 0.73 ms, found 1 plugins.
Preloading 0 native plugins for Editor in 0.00 ms.
Unloading 2773 Unused Serialized files (Serialized files now loaded: 0)
System memory in use before: 126.0 MB.
System memory in use after: 126.2 MB.

Unloading 16 unused Assets to reduce memory usage. Loaded Objects now: 3218.
Total: 6.519200 ms (FindLiveObjects: 0.709900 ms CreateObjectMapping: 0.362700 ms MarkObjects: 5.233800 ms  DeleteObjects: 0.209500 ms)

========================================================================
Received Import Request.
  path: Assets/Scripts/Player/CameraController.cs
  artifactKey: Guid(442e90be04584df4a8f4b73229b3e2aa) Importer(815301076,1909f56bfc062723c751e8b465ee728b)
Start importing Assets/Scripts/Player/CameraController.cs using Guid(442e90be04584df4a8f4b73229b3e2aa) Importer(815301076,1909f56bfc062723c751e8b465ee728b)  -> (artifact id: '45d9f2b49dbdfb0745464d7c9d47a1dc') in 0.625189 seconds
  Import took 0.913790 seconds .

========================================================================
Received Prepare
Registering precompiled user dll's ...
Registered in 0.005731 seconds.
Begin MonoManager ReloadAssembly
Native extension for Lumin target not found
Native extension for LinuxStandalone target not found
Native extension for WindowsStandalone target not found
Native extension for OSXStandalone target not found
Native extension for WebGL target not found
Refreshing native plugins compatible for Editor in 1.57 ms, found 1 plugins.
Preloading 0 native plugins for Editor in 0.00 ms.
Invoked RoslynAnalysisRunner static constructor.
RoslynAnalysisRunner will not be running.
RoslynAnalysisRunner has terminated.
Mono: successfully reloaded assembly
- Completed reload, in  3.542 seconds
Platform modules already initialized, skipping
Switching build target platform(5) subTarget(0) extendedPlatform(0) -> platform(13) subTarget(537395200) extendedPlatform(0)
Shader 'Universal Render Pipeline/Particles/Lit': fallback shader 'Universal Render Pipeline/Particles/SimpleLit' not found
Refreshing native plugins compatible for Editor in 2.82 ms, found 1 plugins.
Preloading 0 native plugins for Editor in 0.00 ms.
Unloading 2663 Unused Serialized files (Serialized files now loaded: 0)
System memory in use before: 117.0 MB.
System memory in use after: 117.2 MB.

Unloading 8 unused Assets to reduce memory usage. Loaded Objects now: 3222.
Total: 8.770700 ms (FindLiveObjects: 0.974900 ms CreateObjectMapping: 0.791900 ms MarkObjects: 6.931500 ms  DeleteObjects: 0.067400 ms)

AssetImportParameters requested are different than current active one (requested -> active):
  custom:graphics/normal-map-encoding: 01000000000000000000000000000000 -> 02000000000000000000000000000000
========================================================================
Received Prepare
Registering precompiled user dll's ...
Registered in 0.002966 seconds.
Begin MonoManager ReloadAssembly
Native extension for Lumin target not found
Native extension for LinuxStandalone target not found
Native extension for WindowsStandalone target not found
Native extension for OSXStandalone target not found
Native extension for WebGL target not found
Refreshing native plugins compatible for Editor in 1.38 ms, found 1 plugins.
Preloading 0 native plugins for Editor in 0.00 ms.
Invoked RoslynAnalysisRunner static constructor.
RoslynAnalysisRunner will not be running.
RoslynAnalysisRunner has terminated.
Mono: successfully reloaded assembly
- Completed reload, in  2.459 seconds
Platform modules already initialized, skipping
Switching build target platform(5) subTarget(0) extendedPlatform(0) -> platform(13) subTarget(537395200) extendedPlatform(0)
Shader 'Universal Render Pipeline/Particles/Lit': fallback shader 'Universal Render Pipeline/Particles/SimpleLit' not found
Refreshing native plugins compatible for Editor in 1.62 ms, found 1 plugins.
Preloading 0 native plugins for Editor in 0.00 ms.
Unloading 2663 Unused Serialized files (Serialized files now loaded: 0)
System memory in use before: 117.1 MB.
System memory in use after: 117.3 MB.

Unloading 8 unused Assets to reduce memory usage. Loaded Objects now: 3226.
Total: 7.254900 ms (FindLiveObjects: 1.360600 ms CreateObjectMapping: 0.306400 ms MarkObjects: 5.543700 ms  DeleteObjects: 0.040000 ms)

AssetImportParameters requested are different than current active one (requested -> active):
  custom:graphics/normal-map-encoding: 01000000000000000000000000000000 -> 02000000000000000000000000000000
========================================================================
Received Prepare
Registering precompiled user dll's ...
Registered in 0.002965 seconds.
Begin MonoManager ReloadAssembly
Native extension for Lumin target not found
Native extension for LinuxStandalone target not found
Native extension for WindowsStandalone target not found
Native extension for OSXStandalone target not found
Native extension for WebGL target not found
Refreshing native plugins compatible for Editor in 1.71 ms, found 1 plugins.
Preloading 0 native plugins for Editor in 0.00 ms.
Invoked RoslynAnalysisRunner static constructor.
RoslynAnalysisRunner will not be running.
RoslynAnalysisRunner has terminated.
Mono: successfully reloaded assembly
- Completed reload, in  3.694 seconds
Platform modules already initialized, skipping
Switching build target platform(5) subTarget(0) extendedPlatform(0) -> platform(13) subTarget(537395200) extendedPlatform(0)
Shader 'Universal Render Pipeline/Particles/Lit': fallback shader 'Universal Render Pipeline/Particles/SimpleLit' not found
Refreshing native plugins compatible for Editor in 1.92 ms, found 1 plugins.
Preloading 0 native plugins for Editor in 0.00 ms.
Unloading 2663 Unused Serialized files (Serialized files now loaded: 0)
System memory in use before: 117.1 MB.
System memory in use after: 117.4 MB.

Unloading 8 unused Assets to reduce memory usage. Loaded Objects now: 3230.
Total: 7.445500 ms (FindLiveObjects: 0.836500 ms CreateObjectMapping: 0.379200 ms MarkObjects: 6.164400 ms  DeleteObjects: 0.062700 ms)

AssetImportParameters requested are different than current active one (requested -> active):
  custom:graphics/normal-map-encoding: 01000000000000000000000000000000 -> 02000000000000000000000000000000
========================================================================
Received Import Request.
  Time since last request: 429.919683 seconds.
  path: Assets/Scripts/Player/PlayerController.cs
  artifactKey: Guid(bbcfc4a5b6e354047bdfa47ab663226a) Importer(815301076,1909f56bfc062723c751e8b465ee728b)
Start importing Assets/Scripts/Player/PlayerController.cs using Guid(bbcfc4a5b6e354047bdfa47ab663226a) Importer(815301076,1909f56bfc062723c751e8b465ee728b)  -> (artifact id: '7624e9c5f87d921438c8de90daf93094') in 0.031609 seconds
  Import took 0.092712 seconds .

========================================================================
Received Import Request.
  Time since last request: 3.860152 seconds.
  path: Assets/Scripts/Player/PlayerController.cs
  artifactKey: Guid(bbcfc4a5b6e354047bdfa47ab663226a) Importer(815301076,1909f56bfc062723c751e8b465ee728b)
Start importing Assets/Scripts/Player/PlayerController.cs using Guid(bbcfc4a5b6e354047bdfa47ab663226a) Importer(815301076,1909f56bfc062723c751e8b465ee728b)  -> (artifact id: '7624e9c5f87d921438c8de90daf93094') in 0.003716 seconds
  Import took 0.028531 seconds .

========================================================================
Received Prepare
Registering precompiled user dll's ...
Registered in 0.003117 seconds.
Begin MonoManager ReloadAssembly
Native extension for Lumin target not found
Native extension for LinuxStandalone target not found
Native extension for WindowsStandalone target not found
Native extension for OSXStandalone target not found
Native extension for WebGL target not found
Refreshing native plugins compatible for Editor in 0.91 ms, found 1 plugins.
Preloading 0 native plugins for Editor in 0.00 ms.
Invoked RoslynAnalysisRunner static constructor.
RoslynAnalysisRunner will not be running.
RoslynAnalysisRunner has terminated.
Mono: successfully reloaded assembly
- Completed reload, in  2.596 seconds
Platform modules already initialized, skipping
Switching build target platform(5) subTarget(0) extendedPlatform(0) -> platform(13) subTarget(537395200) extendedPlatform(0)
Shader 'Universal Render Pipeline/Particles/Lit': fallback shader 'Universal Render Pipeline/Particles/SimpleLit' not found
Refreshing native plugins compatible for Editor in 0.67 ms, found 1 plugins.
Preloading 0 native plugins for Editor in 0.00 ms.
Unloading 2663 Unused Serialized files (Serialized files now loaded: 0)
System memory in use before: 117.1 MB.
System memory in use after: 117.4 MB.

Unloading 8 unused Assets to reduce memory usage. Loaded Objects now: 3234.
Total: 4.459400 ms (FindLiveObjects: 0.686400 ms CreateObjectMapping: 0.294700 ms MarkObjects: 3.448200 ms  DeleteObjects: 0.028500 ms)

AssetImportParameters requested are different than current active one (requested -> active):
  custom:graphics/normal-map-encoding: 01000000000000000000000000000000 -> 02000000000000000000000000000000
========================================================================
Received Import Request.
  Time since last request: 103.993623 seconds.
  path: Assets/Scripts/Player/PlayerController.cs
  artifactKey: Guid(bbcfc4a5b6e354047bdfa47ab663226a) Importer(815301076,1909f56bfc062723c751e8b465ee728b)
Start importing Assets/Scripts/Player/PlayerController.cs using Guid(bbcfc4a5b6e354047bdfa47ab663226a) Importer(815301076,1909f56bfc062723c751e8b465ee728b)  -> (artifact id: '998b27acda9b7d416eb240027d85c0a8') in 0.008805 seconds
  Import took 0.055172 seconds .

========================================================================
Received Import Request.
  Time since last request: 3.043647 seconds.
  path: Assets/Scripts/Player/PlayerController.cs
  artifactKey: Guid(bbcfc4a5b6e354047bdfa47ab663226a) Importer(815301076,1909f56bfc062723c751e8b465ee728b)
Start importing Assets/Scripts/Player/PlayerController.cs using Guid(bbcfc4a5b6e354047bdfa47ab663226a) Importer(815301076,1909f56bfc062723c751e8b465ee728b)  -> (artifact id: '998b27acda9b7d416eb240027d85c0a8') in 0.003707 seconds
  Import took 0.013033 seconds .

========================================================================
Received Prepare
Registering precompiled user dll's ...
Registered in 0.003353 seconds.
Begin MonoManager ReloadAssembly
Native extension for Lumin target not found
Native extension for LinuxStandalone target not found
Native extension for WindowsStandalone target not found
Native extension for OSXStandalone target not found
Native extension for WebGL target not found
Refreshing native plugins compatible for Editor in 0.90 ms, found 1 plugins.
Preloading 0 native plugins for Editor in 0.00 ms.
Invoked RoslynAnalysisRunner static constructor.
RoslynAnalysisRunner will not be running.
RoslynAnalysisRunner has terminated.
Mono: successfully reloaded assembly
- Completed reload, in  2.711 seconds
Platform modules already initialized, skipping
Switching build target platform(5) subTarget(0) extendedPlatform(0) -> platform(13) subTarget(537395200) extendedPlatform(0)
Shader 'Universal Render Pipeline/Particles/Lit': fallback shader 'Universal Render Pipeline/Particles/SimpleLit' not found
Refreshing native plugins compatible for Editor in 1.04 ms, found 1 plugins.
Preloading 0 native plugins for Editor in 0.00 ms.
Unloading 2663 Unused Serialized files (Serialized files now loaded: 0)
System memory in use before: 117.2 MB.
System memory in use after: 117.4 MB.

Unloading 8 unused Assets to reduce memory usage. Loaded Objects now: 3238.
Total: 5.706500 ms (FindLiveObjects: 0.562900 ms CreateObjectMapping: 0.357100 ms MarkObjects: 4.741300 ms  DeleteObjects: 0.042400 ms)

AssetImportParameters requested are different than current active one (requested -> active):
  custom:graphics/normal-map-encoding: 01000000000000000000000000000000 -> 02000000000000000000000000000000
========================================================================
Received Import Request.
  Time since last request: 138.612010 seconds.
  path: Assets/Scripts/Player/PlayerController.cs
  artifactKey: Guid(bbcfc4a5b6e354047bdfa47ab663226a) Importer(815301076,1909f56bfc062723c751e8b465ee728b)
Start importing Assets/Scripts/Player/PlayerController.cs using Guid(bbcfc4a5b6e354047bdfa47ab663226a) Importer(815301076,1909f56bfc062723c751e8b465ee728b)  -> (artifact id: '26a434fc07e6a58016b28fa742bccee9') in 0.011233 seconds
  Import took 0.064704 seconds .

========================================================================
Received Import Request.
  Time since last request: 2.956311 seconds.
  path: Assets/Scripts/Player/PlayerController.cs
  artifactKey: Guid(bbcfc4a5b6e354047bdfa47ab663226a) Importer(815301076,1909f56bfc062723c751e8b465ee728b)
Start importing Assets/Scripts/Player/PlayerController.cs using Guid(bbcfc4a5b6e354047bdfa47ab663226a) Importer(815301076,1909f56bfc062723c751e8b465ee728b)  -> (artifact id: '26a434fc07e6a58016b28fa742bccee9') in 0.004807 seconds
  Import took 0.017156 seconds .

========================================================================
Received Prepare
Registering precompiled user dll's ...
Registered in 0.003185 seconds.
Begin MonoManager ReloadAssembly
Native extension for Lumin target not found
Native extension for LinuxStandalone target not found
Native extension for WindowsStandalone target not found
Native extension for OSXStandalone target not found
Native extension for WebGL target not found
Refreshing native plugins compatible for Editor in 1.14 ms, found 1 plugins.
Preloading 0 native plugins for Editor in 0.00 ms.
Invoked RoslynAnalysisRunner static constructor.
RoslynAnalysisRunner will not be running.
RoslynAnalysisRunner has terminated.
Mono: successfully reloaded assembly
- Completed reload, in  3.285 seconds
Platform modules already initialized, skipping
Switching build target platform(5) subTarget(0) extendedPlatform(0) -> platform(13) subTarget(537395200) extendedPlatform(0)
Shader 'Universal Render Pipeline/Particles/Lit': fallback shader 'Universal Render Pipeline/Particles/SimpleLit' not found
Refreshing native plugins compatible for Editor in 1.02 ms, found 1 plugins.
Preloading 0 native plugins for Editor in 0.00 ms.
Unloading 2663 Unused Serialized files (Serialized files now loaded: 0)
System memory in use before: 117.2 MB.
System memory in use after: 117.4 MB.

Unloading 8 unused Assets to reduce memory usage. Loaded Objects now: 3242.
Total: 6.744400 ms (FindLiveObjects: 0.556000 ms CreateObjectMapping: 0.658500 ms MarkObjects: 5.459700 ms  DeleteObjects: 0.067300 ms)

AssetImportParameters requested are different than current active one (requested -> active):
  custom:graphics/normal-map-encoding: 01000000000000000000000000000000 -> 02000000000000000000000000000000
========================================================================
Received Import Request.
  Time since last request: 30.630489 seconds.
  path: Assets/Scripts/Player/PlayerController.cs
  artifactKey: Guid(bbcfc4a5b6e354047bdfa47ab663226a) Importer(815301076,1909f56bfc062723c751e8b465ee728b)
Start importing Assets/Scripts/Player/PlayerController.cs using Guid(bbcfc4a5b6e354047bdfa47ab663226a) Importer(815301076,1909f56bfc062723c751e8b465ee728b)  -> (artifact id: 'c1b43896842b5c56dd3057b733cb8fef') in 0.017990 seconds
  Import took 0.074087 seconds .

========================================================================
Received Prepare
Registering precompiled user dll's ...
Registered in 0.002528 seconds.
Begin MonoManager ReloadAssembly
Native extension for Lumin target not found
Native extension for LinuxStandalone target not found
Native extension for WindowsStandalone target not found
Native extension for OSXStandalone target not found
Native extension for WebGL target not found
Refreshing native plugins compatible for Editor in 1.14 ms, found 1 plugins.
Preloading 0 native plugins for Editor in 0.00 ms.
Invoked RoslynAnalysisRunner static constructor.
RoslynAnalysisRunner will not be running.
RoslynAnalysisRunner has terminated.
Mono: successfully reloaded assembly
- Completed reload, in  2.729 seconds
Platform modules already initialized, skipping
Switching build target platform(5) subTarget(0) extendedPlatform(0) -> platform(13) subTarget(537395200) extendedPlatform(0)
Shader 'Universal Render Pipeline/Particles/Lit': fallback shader 'Universal Render Pipeline/Particles/SimpleLit' not found
Refreshing native plugins compatible for Editor in 1.01 ms, found 1 plugins.
Preloading 0 native plugins for Editor in 0.00 ms.
Unloading 2663 Unused Serialized files (Serialized files now loaded: 0)
System memory in use before: 117.2 MB.
System memory in use after: 117.4 MB.

Unloading 8 unused Assets to reduce memory usage. Loaded Objects now: 3246.
Total: 8.588800 ms (FindLiveObjects: 0.970900 ms CreateObjectMapping: 0.540400 ms MarkObjects: 7.030600 ms  DeleteObjects: 0.044100 ms)

AssetImportParameters requested are different than current active one (requested -> active):
  custom:graphics/normal-map-encoding: 01000000000000000000000000000000 -> 02000000000000000000000000000000
========================================================================
Received Import Request.
  Time since last request: 919.117819 seconds.
  path: Assets/Models/Mask FBX.fbx
  artifactKey: Guid(863436bde4367bf47922ecb626848606) Importer(815301076,1909f56bfc062723c751e8b465ee728b)
Start importing Assets/Models/Mask FBX.fbx using Guid(863436bde4367bf47922ecb626848606) Importer(815301076,1909f56bfc062723c751e8b465ee728b)  -> (artifact id: '843c8ba8d4179b14d8c892ff976c83d6') in 2.160623 seconds
  Import took 2.226079 seconds .

========================================================================
Received Import Request.
  Time since last request: 168.219705 seconds.
  path: Assets/Materials/Black.mat
  artifactKey: Guid(8d471157738b08540bd5084e35e356fd) Importer(815301076,1909f56bfc062723c751e8b465ee728b)
Start importing Assets/Materials/Black.mat using Guid(8d471157738b08540bd5084e35e356fd) Importer(815301076,1909f56bfc062723c751e8b465ee728b)  -> (artifact id: '2c6dcff01ba63c7b64a9806afa5e66ca') in 0.227468 seconds
  Import took 0.274427 seconds .

========================================================================
Received Import Request.
  Time since last request: 0.004760 seconds.
  path: Assets/Materials/Black.mat
  artifactKey: Guid(8d471157738b08540bd5084e35e356fd) Importer(815301076,1909f56bfc062723c751e8b465ee728b)
Start importing Assets/Materials/Black.mat using Guid(8d471157738b08540bd5084e35e356fd) Importer(815301076,1909f56bfc062723c751e8b465ee728b)  -> (artifact id: '2c6dcff01ba63c7b64a9806afa5e66ca') in 0.048412 seconds
  Import took 0.061961 seconds .

========================================================================
Received Import Request.
  Time since last request: 72.371111 seconds.
  path: Assets/Materials/mask.mat
  artifactKey: Guid(d9747a48cc265c74d81dda7aab895118) Importer(815301076,1909f56bfc062723c751e8b465ee728b)
Start importing Assets/Materials/mask.mat using Guid(d9747a48cc265c74d81dda7aab895118) Importer(815301076,1909f56bfc062723c751e8b465ee728b)  -> (artifact id: '3150f84cb2974f00511a0847f2b152d3') in 0.035111 seconds
  Import took 0.103570 seconds .

========================================================================
Received Import Request.
  Time since last request: 43.048356 seconds.
  path: Assets/Textures/maskTex
  artifactKey: Guid(6ad92f0f298762149bec9c4ded40558a) Importer(815301076,1909f56bfc062723c751e8b465ee728b)
Start importing Assets/Textures/maskTex using Guid(6ad92f0f298762149bec9c4ded40558a) Importer(815301076,1909f56bfc062723c751e8b465ee728b)  -> (artifact id: '958149b02f8623d92d78252324d9c911') in 0.148589 seconds
  Import took 0.197210 seconds .

========================================================================
Received Import Request.
  Time since last request: 0.000839 seconds.
  path: Assets/Textures/maskTex/With Stitches.jpg
  artifactKey: Guid(552e8ed670d90e445b937ec27c29a9b6) Importer(815301076,1909f56bfc062723c751e8b465ee728b)
Start importing Assets/Textures/maskTex/With Stitches.jpg using Guid(552e8ed670d90e445b937ec27c29a9b6) Importer(815301076,1909f56bfc062723c751e8b465ee728b)  -> (artifact id: '7e36ea29207cae3cd999668e8b4fd9eb') in 0.381917 seconds
  Import took 0.403276 seconds .

========================================================================
Received Import Request.
  Time since last request: 0.000727 seconds.
  path: Assets/Textures/maskTex/With Stitches Bump.jpg
  artifactKey: Guid(bed927e4d274e1e409dce864682c00e1) Importer(815301076,1909f56bfc062723c751e8b465ee728b)
Start importing Assets/Textures/maskTex/With Stitches Bump.jpg using Guid(bed927e4d274e1e409dce864682c00e1) Importer(815301076,1909f56bfc062723c751e8b465ee728b)  -> (artifact id: 'd88b32ebadb7e6cb5df0fd31f70ceb62') in 0.261195 seconds
  Import took 0.287420 seconds .

========================================================================
Received Import Request.
  Time since last request: 0.000765 seconds.
  path: Assets/Textures/maskTex/Without Stitches Bump.jpg
  artifactKey: Guid(327f048c9e9cc15459946f051ca7cb3e) Importer(815301076,1909f56bfc062723c751e8b465ee728b)
Start importing Assets/Textures/maskTex/Without Stitches Bump.jpg using Guid(327f048c9e9cc15459946f051ca7cb3e) Importer(815301076,1909f56bfc062723c751e8b465ee728b)  -> (artifact id: 'c0f5ddb695a40f83f1d67a53edd4ac93') in 0.228912 seconds
  Import took 0.272825 seconds .

========================================================================
Received Import Request.
  Time since last request: 0.000657 seconds.
  path: Assets/Textures/maskTex/BUMP.jpg
  artifactKey: Guid(fbb30cbe87ff79f489e50043bc221f2e) Importer(815301076,1909f56bfc062723c751e8b465ee728b)
Start importing Assets/Textures/maskTex/BUMP.jpg using Guid(fbb30cbe87ff79f489e50043bc221f2e) Importer(815301076,1909f56bfc062723c751e8b465ee728b)  -> (artifact id: 'b2cee8360097503a14e776b963f7f75c') in 0.251994 seconds
  Import took 0.281720 seconds .

========================================================================
Received Import Request.
  Time since last request: 0.000742 seconds.
  path: Assets/Textures/maskTex/DIFFUSE.jpg
  artifactKey: Guid(4c54d948697435d4e98ac5deda333f8c) Importer(815301076,1909f56bfc062723c751e8b465ee728b)
Start importing Assets/Textures/maskTex/DIFFUSE.jpg using Guid(4c54d948697435d4e98ac5deda333f8c) Importer(815301076,1909f56bfc062723c751e8b465ee728b)  -> (artifact id: 'f28d969457ea1ed37cfa4436b2d770da') in 0.262856 seconds
  Import took 0.288310 seconds .

========================================================================
Received Import Request.
  Time since last request: 0.000921 seconds.
  path: Assets/Textures/maskTex/Without Stitches.jpg
  artifactKey: Guid(61edb7e4bf2ff5e49853d552ee2dd0b6) Importer(815301076,1909f56bfc062723c751e8b465ee728b)
Start importing Assets/Textures/maskTex/Without Stitches.jpg using Guid(61edb7e4bf2ff5e49853d552ee2dd0b6) Importer(815301076,1909f56bfc062723c751e8b465ee728b)  -> (artifact id: 'f4203917e04e38307a2219056dda6555') in 0.223313 seconds
  Import took 0.271255 seconds .

========================================================================
Received Import Request.
  Time since last request: 0.000815 seconds.
  path: Assets/Textures/maskTex/Knited Fabric.jpg
  artifactKey: Guid(bf866894349db4d42910c14e12a14966) Importer(815301076,1909f56bfc062723c751e8b465ee728b)
Start importing Assets/Textures/maskTex/Knited Fabric.jpg using Guid(bf866894349db4d42910c14e12a14966) Importer(815301076,1909f56bfc062723c751e8b465ee728b)  -> (artifact id: '91d49d99a40c67be0e19ca9758a11865') in 0.173962 seconds
  Import took 0.265204 seconds .

========================================================================
Received Import Request.
  Time since last request: 128.467134 seconds.
  path: Assets/Shaders/CurvedCode.cginc
  artifactKey: Guid(a83622fe73eb0f34184be35f8c46904d) Importer(815301076,1909f56bfc062723c751e8b465ee728b)
Start importing Assets/Shaders/CurvedCode.cginc using Guid(a83622fe73eb0f34184be35f8c46904d) Importer(815301076,1909f56bfc062723c751e8b465ee728b)  -> (artifact id: '43f120b2a690a758b26d08aafb743372') in 0.085701 seconds
  Import took 0.120075 seconds .

========================================================================
Received Import Request.
  Time since last request: 2.748586 seconds.
  path: Assets/Shaders/CurvedUnlit.shader
  artifactKey: Guid(2cfa4865885dd494398c47cf370822c9) Importer(815301076,1909f56bfc062723c751e8b465ee728b)
Start importing Assets/Shaders/CurvedUnlit.shader using Guid(2cfa4865885dd494398c47cf370822c9) Importer(815301076,1909f56bfc062723c751e8b465ee728b)  -> (artifact id: 'aa9f2e8ec95d101c4637c4d32d50b368') in 0.056475 seconds
  Import took 0.101668 seconds .

========================================================================
Received Import Request.
  Time since last request: 0.007334 seconds.
  path: Assets/Shaders/CurvedUnlit.shader
  artifactKey: Guid(2cfa4865885dd494398c47cf370822c9) Importer(815301076,1909f56bfc062723c751e8b465ee728b)
Start importing Assets/Shaders/CurvedUnlit.shader using Guid(2cfa4865885dd494398c47cf370822c9) Importer(815301076,1909f56bfc062723c751e8b465ee728b)  -> (artifact id: 'aa9f2e8ec95d101c4637c4d32d50b368') in 0.008794 seconds
  Import took 0.030534 seconds .

========================================================================
Received Import Request.
  Time since last request: 12.330834 seconds.
  path: Assets/Scripts/Coin.cs
  artifactKey: Guid(4da19a3718b0dbf44839227b9771f32e) Importer(815301076,1909f56bfc062723c751e8b465ee728b)
Start importing Assets/Scripts/Coin.cs using Guid(4da19a3718b0dbf44839227b9771f32e) Importer(815301076,1909f56bfc062723c751e8b465ee728b)  -> (artifact id: '09b7af69b95baedb1a179779f86d5dd7') in 0.050153 seconds
  Import took 0.059211 seconds .

========================================================================
Received Prepare
Registering precompiled user dll's ...
Registered in 0.006280 seconds.
Begin MonoManager ReloadAssembly
Native extension for Lumin target not found
Native extension for LinuxStandalone target not found
Native extension for WindowsStandalone target not found
Native extension for OSXStandalone target not found
Native extension for WebGL target not found
Refreshing native plugins compatible for Editor in 0.87 ms, found 1 plugins.
Preloading 0 native plugins for Editor in 0.00 ms.
Invoked RoslynAnalysisRunner static constructor.
RoslynAnalysisRunner will not be running.
RoslynAnalysisRunner has terminated.
Mono: successfully reloaded assembly
- Completed reload, in  2.118 seconds
Platform modules already initialized, skipping
Switching build target platform(5) subTarget(0) extendedPlatform(0) -> platform(13) subTarget(537395200) extendedPlatform(0)
Shader 'Universal Render Pipeline/Particles/Lit': fallback shader 'Universal Render Pipeline/Particles/SimpleLit' not found
Refreshing native plugins compatible for Editor in 3.91 ms, found 1 plugins.
Preloading 0 native plugins for Editor in 0.00 ms.
Unloading 2663 Unused Serialized files (Serialized files now loaded: 0)
System memory in use before: 122.7 MB.
System memory in use after: 122.9 MB.

Unloading 8 unused Assets to reduce memory usage. Loaded Objects now: 3332.
Total: 5.142300 ms (FindLiveObjects: 0.587400 ms CreateObjectMapping: 0.394900 ms MarkObjects: 4.128700 ms  DeleteObjects: 0.029600 ms)

AssetImportParameters requested are different than current active one (requested -> active):
  custom:graphics/normal-map-encoding: 01000000000000000000000000000000 -> 02000000000000000000000000000000
AssetImportWorkerClient::OnTransportError - code=2 error=End of file
